This is pdfTeX, Version 3.141592653-2.6-1.40.25 (TeX Live 2023/Arch Linux) (preloaded format=pdflatex 2024.1.6)  8 JAN 2024 17:21
entering extended mode
 restricted \write18 enabled.
 %&-line parsing enabled.
**src/main.tex
(./src/main.tex
LaTeX2e <2022-11-01> patch level 1
L3 programming layer <2023-02-22>
(/usr/share/texmf-dist/tex/latex/base/report.cls
Document Class: report 2022/07/02 v1.4n Standard LaTeX document class
(/usr/share/texmf-dist/tex/latex/base/size10.clo
File: size10.clo 2022/07/02 v1.4n Standard LaTeX file (size option)
)
\c@part=\count185
\c@chapter=\count186
\c@section=\count187
\c@subsection=\count188
\c@subsubsection=\count189
\c@paragraph=\count190
\c@subparagraph=\count191
\c@figure=\count192
\c@table=\count193
\abovecaptionskip=\skip48
\belowcaptionskip=\skip49
\bibindent=\dimen140
)
(/usr/share/texmf-dist/tex/latex/titlepic/titlepic.sty
Package: titlepic 2017/03/14 1.2 Package to display a picture on the title page

)
(/usr/share/texmf-dist/tex/latex/graphics/graphicx.sty
Package: graphicx 2021/09/16 v1.2d Enhanced LaTeX Graphics (DPC,SPQR)

(/usr/share/texmf-dist/tex/latex/graphics/keyval.sty
Package: keyval 2022/05/29 v1.15 key=value parser (DPC)
\KV@toks@=\toks16
)
(/usr/share/texmf-dist/tex/latex/graphics/graphics.sty
Package: graphics 2022/03/10 v1.4e Standard LaTeX Graphics (DPC,SPQR)

(/usr/share/texmf-dist/tex/latex/graphics/trig.sty
Package: trig 2021/08/11 v1.11 sin cos tan (DPC)
)
(/usr/share/texmf-dist/tex/latex/graphics-cfg/graphics.cfg
File: graphics.cfg 2016/06/04 v1.11 sample graphics configuration
)
Package graphics Info: Driver file: pdftex.def on input line 107.

(/usr/share/texmf-dist/tex/latex/graphics-def/pdftex.def
File: pdftex.def 2022/09/22 v1.2b Graphics/color driver for pdftex
))
\Gin@req@height=\dimen141
\Gin@req@width=\dimen142
)
(/usr/share/texmf-dist/tex/latex/l3backend/l3backend-pdftex.def
File: l3backend-pdftex.def 2023-01-16 L3 backend support: PDF output (pdfTeX)
\l__color_backend_stack_int=\count194
\l__pdf_internal_box=\box51
)
(build/blindsight_market_research.aux)
\openout1 = `blindsight_market_research.aux'.

LaTeX Font Info:    Checking defaults for OML/cmm/m/it on input line 11.
LaTeX Font Info:    ... okay on input line 11.
LaTeX Font Info:    Checking defaults for OMS/cmsy/m/n on input line 11.
LaTeX Font Info:    ... okay on input line 11.
LaTeX Font Info:    Checking defaults for OT1/cmr/m/n on input line 11.
LaTeX Font Info:    ... okay on input line 11.
LaTeX Font Info:    Checking defaults for T1/cmr/m/n on input line 11.
LaTeX Font Info:    ... okay on input line 11.
LaTeX Font Info:    Checking defaults for TS1/cmr/m/n on input line 11.
LaTeX Font Info:    ... okay on input line 11.
LaTeX Font Info:    Checking defaults for OMX/cmex/m/n on input line 11.
LaTeX Font Info:    ... okay on input line 11.
LaTeX Font Info:    Checking defaults for U/cmr/m/n on input line 11.
LaTeX Font Info:    ... okay on input line 11.

(/usr/share/texmf-dist/tex/context/base/mkii/supp-pdf.mkii
[Loading MPS to PDF converter (version 2006.09.02).]
\scratchcounter=\count195
\scratchdimen=\dimen143
\scratchbox=\box52
\nofMPsegments=\count196
\nofMParguments=\count197
\everyMPshowfont=\toks17
\MPscratchCnt=\count198
\MPscratchDim=\dimen144
\MPnumerator=\count199
\makeMPintoPDFobject=\count266
\everyMPtoPDFconversion=\toks18
) (/usr/share/texmf-dist/tex/latex/epstopdf-pkg/epstopdf-base.sty
Package: epstopdf-base 2020-01-24 v2.11 Base part for package epstopdf
Package epstopdf-base Info: Redefining graphics rule for `.eps' on input line 4
85.

(/usr/share/texmf-dist/tex/latex/latexconfig/epstopdf-sys.cfg
File: epstopdf-sys.cfg 2010/07/13 v1.3 Configuration of (r)epstopdf for TeX Liv
e
))
LaTeX Font Info:    External font `cmex10' loaded for size
(Font)              <12> on input line 13.
LaTeX Font Info:    External font `cmex10' loaded for size
(Font)              <8> on input line 13.
LaTeX Font Info:    External font `cmex10' loaded for size
(Font)              <6> on input line 13.


LaTeX Warning: No \author given.

<src/assets//blindsight_logo.png, id=1, 1027.84pt x 1027.84pt>
File: src/assets//blindsight_logo.png Graphic file (type png)
<use src/assets//blindsight_logo.png>
Package pdftex.def Info: src/assets//blindsight_logo.png  used on input line 13
.
(pdftex.def)             Requested size: 227.62204pt x 227.61543pt.
[1

{/var/lib/texmf/fonts/map/pdftex/updmap/pdftex.map} <./src/assets//blindsight_l
ogo.png>] (build/blindsight_market_research.toc
LaTeX Font Info:    External font `cmex10' loaded for size
(Font)              <7> on input line 5.
LaTeX Font Info:    External font `cmex10' loaded for size
(Font)              <5> on input line 5.
)
\tf@toc=\write3
\openout3 = `blindsight_market_research.toc'.


(./src/chapters/abstract.latex [1

]
Chapter 1.
) (./src/chapters/introduction.latex
Underfull \hbox (badness 10000) in paragraph at lines 2--1

 []


Underfull \hbox (badness 10000) in paragraph at lines 2--1

 []

[2

]
Chapter 2.
) (./src/chapters/market_analysis.latex
Underfull \hbox (badness 10000) in paragraph at lines 2--1

 []


Underfull \hbox (badness 10000) in paragraph at lines 2--1

 []

[3

]
Chapter 3.
<src/assets//blind_population_global.png, id=25, 733.74126pt x 452.69125pt>
File: src/assets//blind_population_global.png Graphic file (type png)
<use src/assets//blind_population_global.png>
Package pdftex.def Info: src/assets//blind_population_global.png  used on input
 line 25.
(pdftex.def)             Requested size: 284.53452pt x 227.62296pt.

Underfull \hbox (badness 10000) in paragraph at lines 2--27

 []


LaTeX Warning: `!h' float specifier changed to `!ht'.

[4

]
Underfull \hbox (badness 10000) in paragraph at lines 28--67

 []


Underfull \hbox (badness 10000) in paragraph at lines 28--67

 []


Underfull \hbox (badness 10000) in paragraph at lines 28--67

 []

[5{/usr/share/texmf-dist/fonts/enc/dvips/cm-super/cm-super-ts1.enc} <./src/asse
ts//blind_population_global.png>]
Underfull \hbox (badness 10000) in paragraph at lines 71--89

 []


Underfull \hbox (badness 10000) in paragraph at lines 71--89

 []

[6]
Underfull \hbox (badness 10000) in paragraph at lines 91--98

 []


Underfull \hbox (badness 10000) in paragraph at lines 100--110

 []

) (./src/chapters/competitor_analysis.latex
Underfull \hbox (badness 10000) in paragraph at lines 112--1

 []


Underfull \hbox (badness 10000) in paragraph at lines 112--1

 []

[7] [8]
Chapter 4.

Underfull \hbox (badness 10000) in paragraph at lines 2--8

 []


Underfull \hbox (badness 10000) in paragraph at lines 10--17

 []


Underfull \hbox (badness 10000) in paragraph at lines 10--17

 []


Underfull \hbox (badness 10000) in paragraph at lines 10--17

 []


Underfull \hbox (badness 10000) in paragraph at lines 22--49

 []


Underfull \hbox (badness 10000) in paragraph at lines 22--49

 []


Underfull \hbox (badness 10000) in paragraph at lines 22--49

 []

[9

] [10]
Underfull \hbox (badness 10000) in paragraph at lines 51--74

 []


Underfull \hbox (badness 10000) in paragraph at lines 51--74

 []


Underfull \hbox (badness 10000) in paragraph at lines 51--74

 []


Underfull \hbox (badness 10000) in paragraph at lines 51--74

 []


Underfull \hbox (badness 10000) in paragraph at lines 51--74

 []


Underfull \hbox (badness 10000) in paragraph at lines 51--74

 []

[11]) (./src/chapters/product_description.latex
Underfull \hbox (badness 10000) in paragraph at lines 76--1

 []


Underfull \hbox (badness 10000) in paragraph at lines 76--1

 []


Underfull \hbox (badness 10000) in paragraph at lines 76--1

 []


Underfull \hbox (badness 10000) in paragraph at lines 76--1

 []


Underfull \hbox (badness 10000) in paragraph at lines 76--1

 []

[12]
Chapter 5.

Underfull \hbox (badness 10000) in paragraph at lines 2--11

 []


Underfull \hbox (badness 10000) in paragraph at lines 2--11

 []


Underfull \hbox (badness 10000) in paragraph at lines 12--19

 []


Underfull \hbox (badness 10000) in paragraph at lines 12--19

 []

[13

]
<src/assets//tech_stack.png, id=60, 1059.96pt x 1126.2075pt>
File: src/assets//tech_stack.png Graphic file (type png)
<use src/assets//tech_stack.png>
Package pdftex.def Info: src/assets//tech_stack.png  used on input line 27.
(pdftex.def)             Requested size: 284.52713pt x 227.60898pt.
<src/assets//hardware_diagram.png, id=61, 1164.35pt x 766.865pt>
File: src/assets//hardware_diagram.png Graphic file (type png)
<use src/assets//hardware_diagram.png>
Package pdftex.def Info: src/assets//hardware_diagram.png  used on input line 4
6.
(pdftex.def)             Requested size: 284.51317pt x 227.61568pt.
) (./src/chapters/product_features.latex
Underfull \hbox (badness 10000) in paragraph at lines 31--1

 []


Underfull \hbox (badness 10000) in paragraph at lines 31--1

 []


Underfull \hbox (badness 10000) in paragraph at lines 31--1

 []


Underfull \hbox (badness 10000) in paragraph at lines 31--1

 []

[14 <./src/assets//tech_stack.png>] [15 <./src/assets//hardware_diagram.png>]
Chapter 6.

Underfull \hbox (badness 10000) in paragraph at lines 2--6

 []


Underfull \hbox (badness 10000) in paragraph at lines 10--12

 []


Underfull \hbox (badness 10000) in paragraph at lines 14--17

 []


Underfull \hbox (badness 10000) in paragraph at lines 19--23

 []

[16

]
Underfull \hbox (badness 10000) in paragraph at lines 27--39

 []


Underfull \hbox (badness 10000) in paragraph at lines 27--39

 []


Underfull \hbox (badness 10000) in paragraph at lines 41--47

 []

) (./src/chapters/distribution_strategy.latex [17]
Chapter 7.

Underfull \hbox (badness 10000) in paragraph at lines 9--18

 []


Underfull \hbox (badness 10000) in paragraph at lines 20--35

 []


Underfull \hbox (badness 10000) in paragraph at lines 20--35

 []

[18

]
Underfull \hbox (badness 10000) in paragraph at lines 37--45

 []

) (./src/chapters/financial_projections.latex [19]
Chapter 8.

Underfull \hbox (badness 10000) in paragraph at lines 3--13

 []


Underfull \hbox (badness 10000) in paragraph at lines 3--13

 []


Underfull \hbox (badness 10000) in paragraph at lines 3--13

 []

) (./src/chapters/conclusion.latex [20

]
Chapter 9.

Underfull \hbox (badness 10000) in paragraph at lines 2--16

 []


Underfull \hbox (badness 10000) in paragraph at lines 2--16

 []


Underfull \hbox (badness 10000) in paragraph at lines 2--16

 []

) [21

] (build/blindsight_market_research.aux) ) 
Here is how much of TeX's memory you used:
 1453 strings out of 477985
 25363 string characters out of 5840059
 1859388 words of memory out of 5000000
 21643 multiletter control sequences out of 15000+600000
 518742 words of font info for 53 fonts, out of 8000000 for 9000
 14 hyphenation exceptions out of 8191
 57i,8n,62p,320b,244s stack positions out of 10000i,1000n,20000p,200000b,200000s
</usr/share/texmf-dist/fonts/type1/pu
blic/amsfonts/cm/cmbx10.pfb></usr/share/texmf-dist/fonts/type1/public/amsfonts/
cm/cmbx12.pfb></usr/share/texmf-dist/fonts/type1/public/amsfonts/cm/cmr10.pfb><
/usr/share/texmf-dist/fonts/type1/public/amsfonts/cm/cmr12.pfb></usr/share/texm
f-dist/fonts/type1/public/amsfonts/cm/cmr6.pfb></usr/share/texmf-dist/fonts/typ
e1/public/amsfonts/cm/cmr7.pfb></usr/share/texmf-dist/fonts/type1/public/amsfon
ts/cm/cmr8.pfb></usr/share/texmf-dist/fonts/type1/public/amsfonts/cm/cmti10.pfb
></usr/share/texmf-dist/fonts/type1/public/cm-super/sfrm1000.pfb>
Output written on build/blindsight_market_research.pdf (22 pages, 595694 bytes)
.
PDF statistics:
 129 PDF objects out of 1000 (max. 8388607)
 79 compressed objects within 1 object stream
 0 named destinations out of 1000 (max. 500000)
 21 words of extra memory for PDF output out of 10000 (max. 10000000)

